[debug] [2025-02-24T21:25:49.448Z] ----------------------------------------------------------------------
[debug] [2025-02-24T21:25:49.451Z] Command:       C:\Program Files\nodejs\node.exe C:\Users\shlom\AppData\Roaming\npm\node_modules\firebase-tools\lib\bin\firebase.js init
[debug] [2025-02-24T21:25:49.451Z] CLI Version:   13.31.2
[debug] [2025-02-24T21:25:49.452Z] Platform:      win32
[debug] [2025-02-24T21:25:49.452Z] Node Version:  v22.13.1
[debug] [2025-02-24T21:25:49.452Z] Time:          Mon Feb 24 2025 23:25:49 GMT+0200 (שעון ישראל (חורף))
[debug] [2025-02-24T21:25:49.452Z] ----------------------------------------------------------------------
[debug] 
[debug] [2025-02-24T21:25:49.460Z] > command requires scopes: ["email","openid","https://www.googleapis.com/auth/cloudplatformprojects.readonly","https://www.googleapis.com/auth/firebase","https://www.googleapis.com/auth/cloud-platform"]
[debug] [2025-02-24T21:25:49.460Z] > authorizing via signed-in user (shlomog12@googlemail.com)
[info] 
     ######## #### ########  ######## ########     ###     ######  ########
     ##        ##  ##     ## ##       ##     ##  ##   ##  ##       ##
     ######    ##  ########  ######   ########  #########  ######  ######
     ##        ##  ##    ##  ##       ##     ## ##     ##       ## ##
     ##       #### ##     ## ######## ########  ##     ##  ######  ########

You're about to initialize a Firebase project in this directory:

  C:\Learns\angular-sheets\seat-selection

Before we get started, keep in mind:

  * You are currently outside your home directory

[info] 
=== Project Setup
[info] 
[info] First, let's associate this project directory with a Firebase project.
[info] You can create multiple project aliases by running firebase use --add, 
[info] but for now we'll just set up a default project.
[info] 
[debug] [2025-02-24T21:27:34.343Z] Checked if tokens are valid: true, expires at: 1740435849890
[debug] [2025-02-24T21:27:34.343Z] Checked if tokens are valid: true, expires at: 1740435849890
[debug] [2025-02-24T21:27:34.346Z] >>> [apiv2][query] GET https://firebase.googleapis.com/v1beta1/projects pageSize=100
[debug] [2025-02-24T21:27:34.998Z] <<< [apiv2][status] GET https://firebase.googleapis.com/v1beta1/projects 200
[debug] [2025-02-24T21:27:34.998Z] <<< [apiv2][body] GET https://firebase.googleapis.com/v1beta1/projects [omitted]
[debug] [2025-02-24T21:28:47.153Z] ----------------------------------------------------------------------
[debug] [2025-02-24T21:28:47.158Z] Command:       C:\Program Files\nodejs\node.exe C:\Users\shlom\AppData\Roaming\npm\node_modules\firebase-tools\lib\bin\firebase.js init
[debug] [2025-02-24T21:28:47.159Z] CLI Version:   13.31.2
[debug] [2025-02-24T21:28:47.159Z] Platform:      win32
[debug] [2025-02-24T21:28:47.159Z] Node Version:  v22.13.1
[debug] [2025-02-24T21:28:47.160Z] Time:          Mon Feb 24 2025 23:28:47 GMT+0200 (שעון ישראל (חורף))
[debug] [2025-02-24T21:28:47.160Z] ----------------------------------------------------------------------
[debug] 
[debug] [2025-02-24T21:28:47.175Z] > command requires scopes: ["email","openid","https://www.googleapis.com/auth/cloudplatformprojects.readonly","https://www.googleapis.com/auth/firebase","https://www.googleapis.com/auth/cloud-platform"]
[debug] [2025-02-24T21:28:47.176Z] > authorizing via signed-in user (shlomog12@googlemail.com)
[info] 
     ######## #### ########  ######## ########     ###     ######  ########
     ##        ##  ##     ## ##       ##     ##  ##   ##  ##       ##
     ######    ##  ########  ######   ########  #########  ######  ######
     ##        ##  ##    ##  ##       ##     ## ##     ##       ## ##
     ##       #### ##     ## ######## ########  ##     ##  ######  ########

You're about to initialize a Firebase project in this directory:

  C:\Learns\angular-sheets\seat-selection

Before we get started, keep in mind:

  * You are currently outside your home directory

[info] 
=== Project Setup
[info] 
[info] First, let's associate this project directory with a Firebase project.
[info] You can create multiple project aliases by running firebase use --add, 
[info] but for now we'll just set up a default project.
[info] 
[info] i  If you want to create a project in a Google Cloud organization or folder, please use "firebase projects:create" instead, and return to this command when you've created the project. 
[debug] [2025-02-24T21:29:30.940Z] Checked if tokens are valid: true, expires at: 1740435849890
[debug] [2025-02-24T21:29:30.940Z] Checked if tokens are valid: true, expires at: 1740435849890
[debug] [2025-02-24T21:29:30.943Z] >>> [apiv2][query] POST https://cloudresourcemanager.googleapis.com/v1/projects [none]
[debug] [2025-02-24T21:29:30.943Z] >>> [apiv2][body] POST https://cloudresourcemanager.googleapis.com/v1/projects {"projectId":"seat-selection","name":"seat-selection"}
[debug] [2025-02-24T21:29:32.121Z] <<< [apiv2][status] POST https://cloudresourcemanager.googleapis.com/v1/projects 409
[debug] [2025-02-24T21:29:32.121Z] <<< [apiv2][body] POST https://cloudresourcemanager.googleapis.com/v1/projects {"error":{"code":409,"message":"Requested entity already exists","status":"ALREADY_EXISTS"}}
[debug] [2025-02-24T21:29:32.358Z] FirebaseError: Request to https://cloudresourcemanager.googleapis.com/v1/projects had HTTP Error: 409, Requested entity already exists
    at responseToError (C:\Users\shlom\AppData\Roaming\npm\node_modules\firebase-tools\lib\responseToError.js:52:12)
    at RetryOperation._fn (C:\Users\shlom\AppData\Roaming\npm\node_modules\firebase-tools\lib\apiv2.js:312:77)
    at process.processTicksAndRejections (node:internal/process/task_queues:105:5)
[error] 
[error] Error: Failed to create project because there is already a project with ID seat-selection. Please try again with a unique project ID.
[debug] [2025-02-24T21:29:43.643Z] ----------------------------------------------------------------------
[debug] [2025-02-24T21:29:43.646Z] Command:       C:\Program Files\nodejs\node.exe C:\Users\shlom\AppData\Roaming\npm\node_modules\firebase-tools\lib\bin\firebase.js init
[debug] [2025-02-24T21:29:43.646Z] CLI Version:   13.31.2
[debug] [2025-02-24T21:29:43.647Z] Platform:      win32
[debug] [2025-02-24T21:29:43.647Z] Node Version:  v22.13.1
[debug] [2025-02-24T21:29:43.647Z] Time:          Mon Feb 24 2025 23:29:43 GMT+0200 (שעון ישראל (חורף))
[debug] [2025-02-24T21:29:43.647Z] ----------------------------------------------------------------------
[debug] 
[debug] [2025-02-24T21:29:43.654Z] > command requires scopes: ["email","openid","https://www.googleapis.com/auth/cloudplatformprojects.readonly","https://www.googleapis.com/auth/firebase","https://www.googleapis.com/auth/cloud-platform"]
[debug] [2025-02-24T21:29:43.655Z] > authorizing via signed-in user (shlomog12@googlemail.com)
[info] 
     ######## #### ########  ######## ########     ###     ######  ########
     ##        ##  ##     ## ##       ##     ##  ##   ##  ##       ##
     ######    ##  ########  ######   ########  #########  ######  ######
     ##        ##  ##    ##  ##       ##     ## ##     ##       ## ##
     ##       #### ##     ## ######## ########  ##     ##  ######  ########

You're about to initialize a Firebase project in this directory:

  C:\Learns\angular-sheets\seat-selection

Before we get started, keep in mind:

  * You are currently outside your home directory

[info] 
=== Project Setup
[info] 
[info] First, let's associate this project directory with a Firebase project.
[info] You can create multiple project aliases by running firebase use --add, 
[info] but for now we'll just set up a default project.
[info] 
[info] i  If you want to create a project in a Google Cloud organization or folder, please use "firebase projects:create" instead, and return to this command when you've created the project. 
[debug] [2025-02-24T21:30:44.201Z] Checked if tokens are valid: true, expires at: 1740435849890
[debug] [2025-02-24T21:30:44.201Z] Checked if tokens are valid: true, expires at: 1740435849890
[debug] [2025-02-24T21:30:44.204Z] >>> [apiv2][query] POST https://cloudresourcemanager.googleapis.com/v1/projects [none]
[debug] [2025-02-24T21:30:44.204Z] >>> [apiv2][body] POST https://cloudresourcemanager.googleapis.com/v1/projects {"projectId":"seat-selection","name":"shlomog12-seat-selection"}
[debug] [2025-02-24T21:30:45.280Z] <<< [apiv2][status] POST https://cloudresourcemanager.googleapis.com/v1/projects 409
[debug] [2025-02-24T21:30:45.280Z] <<< [apiv2][body] POST https://cloudresourcemanager.googleapis.com/v1/projects {"error":{"code":409,"message":"Requested entity already exists","status":"ALREADY_EXISTS"}}
[debug] [2025-02-24T21:30:45.435Z] FirebaseError: Request to https://cloudresourcemanager.googleapis.com/v1/projects had HTTP Error: 409, Requested entity already exists
    at responseToError (C:\Users\shlom\AppData\Roaming\npm\node_modules\firebase-tools\lib\responseToError.js:52:12)
    at RetryOperation._fn (C:\Users\shlom\AppData\Roaming\npm\node_modules\firebase-tools\lib\apiv2.js:312:77)
    at process.processTicksAndRejections (node:internal/process/task_queues:105:5)
[error] 
[error] Error: Failed to create project because there is already a project with ID seat-selection. Please try again with a unique project ID.
[debug] [2025-02-24T21:34:10.245Z] ----------------------------------------------------------------------
[debug] [2025-02-24T21:34:10.258Z] Command:       C:\Program Files\nodejs\node.exe C:\Users\shlom\AppData\Roaming\npm\node_modules\firebase-tools\lib\bin\firebase.js init
[debug] [2025-02-24T21:34:10.259Z] CLI Version:   13.31.2
[debug] [2025-02-24T21:34:10.259Z] Platform:      win32
[debug] [2025-02-24T21:34:10.259Z] Node Version:  v22.13.1
[debug] [2025-02-24T21:34:10.260Z] Time:          Mon Feb 24 2025 23:34:10 GMT+0200 (שעון ישראל (חורף))
[debug] [2025-02-24T21:34:10.260Z] ----------------------------------------------------------------------
[debug] 
[debug] [2025-02-24T21:34:10.272Z] > command requires scopes: ["email","openid","https://www.googleapis.com/auth/cloudplatformprojects.readonly","https://www.googleapis.com/auth/firebase","https://www.googleapis.com/auth/cloud-platform"]
[debug] [2025-02-24T21:34:10.273Z] > authorizing via signed-in user (shlomog12@googlemail.com)
[info] 
     ######## #### ########  ######## ########     ###     ######  ########
     ##        ##  ##     ## ##       ##     ##  ##   ##  ##       ##
     ######    ##  ########  ######   ########  #########  ######  ######
     ##        ##  ##    ##  ##       ##     ## ##     ##       ## ##
     ##       #### ##     ## ######## ########  ##     ##  ######  ########

You're about to initialize a Firebase project in this directory:

  C:\Learns\angular-sheets\seat-selection

Before we get started, keep in mind:

  * You are currently outside your home directory

[info] 
=== Project Setup
[info] 
[info] First, let's associate this project directory with a Firebase project.
[info] You can create multiple project aliases by running firebase use --add, 
[info] but for now we'll just set up a default project.
[info] 
[debug] [2025-02-24T21:34:38.336Z] Checked if tokens are valid: true, expires at: 1740435849890
[debug] [2025-02-24T21:34:38.337Z] Checked if tokens are valid: true, expires at: 1740435849890
[debug] [2025-02-24T21:34:38.339Z] >>> [apiv2][query] GET https://firebase.googleapis.com/v1beta1/projects pageSize=100
[debug] [2025-02-24T21:34:39.038Z] <<< [apiv2][status] GET https://firebase.googleapis.com/v1beta1/projects 200
[debug] [2025-02-24T21:34:39.038Z] <<< [apiv2][body] GET https://firebase.googleapis.com/v1beta1/projects [omitted]
[info] i  Using project seat-selection-490d9 (seat-selection) 
[info] 
=== Hosting Setup
[debug] [2025-02-24T21:34:41.691Z] Checked if tokens are valid: true, expires at: 1740435849890
[debug] [2025-02-24T21:34:41.691Z] Checked if tokens are valid: true, expires at: 1740435849890
[debug] [2025-02-24T21:34:41.691Z] >>> [apiv2][query] GET https://firebase.googleapis.com/v1beta1/projects/seat-selection-490d9 [none]
[debug] [2025-02-24T21:34:42.043Z] <<< [apiv2][status] GET https://firebase.googleapis.com/v1beta1/projects/seat-selection-490d9 200
[debug] [2025-02-24T21:34:42.044Z] <<< [apiv2][body] GET https://firebase.googleapis.com/v1beta1/projects/seat-selection-490d9 {"projectId":"seat-selection-490d9","projectNumber":"276120740035","displayName":"seat-selection","name":"projects/seat-selection-490d9","resources":{"hostingSite":"seat-selection-490d9"},"state":"ACTIVE","etag":"1_1be05bf1-d411-47b4-8fac-5a1459fa144d"}
[info] 
[info] Your public directory is the folder (relative to your project directory) that
[info] will contain Hosting assets to be uploaded with firebase deploy. If you
[info] have a build process for your assets, use your build's output directory.
[info] 
